{"/Users/buwaneka/Personal_Projects/wire-apps-ecom/src/components/atoms/AddToCartButton.js": {"path":"/Users/buwaneka/Personal_Projects/wire-apps-ecom/src/components/atoms/AddToCartButton.js","statementMap":{"0":{"start":{"line":5,"column":24},"end":{"line":16,"column":1}},"1":{"start":{"line":6,"column":4},"end":{"line":14,"column":5}}},"fnMap":{"0":{"name":"(anonymous_0)","decl":{"start":{"line":5,"column":24},"end":{"line":5,"column":25}},"loc":{"start":{"line":5,"column":61},"end":{"line":16,"column":1}},"line":5}},"branchMap":{"0":{"loc":{"start":{"line":8,"column":13},"end":{"line":12,"column":23}},"type":"cond-expr","locations":[{"start":{"line":8,"column":22},"end":{"line":8,"column":139}},{"start":{},"end":{}}],"line":8},"1":{"loc":{"start":{"line":8,"column":82},"end":{"line":8,"column":111}},"type":"cond-expr","locations":[{"start":{"line":8,"column":95},"end":{"line":8,"column":101}},{"start":{"line":8,"column":104},"end":{"line":8,"column":111}}],"line":8},"2":{"loc":{"start":{"line":10,"column":51},"end":{"line":10,"column":80}},"type":"cond-expr","locations":[{"start":{"line":10,"column":64},"end":{"line":10,"column":70}},{"start":{"line":10,"column":73},"end":{"line":10,"column":80}}],"line":10},"3":{"loc":{"start":{"line":11,"column":40},"end":{"line":11,"column":84}},"type":"cond-expr","locations":[{"start":{"line":11,"column":53},"end":{"line":11,"column":69}},{"start":{"line":11,"column":72},"end":{"line":11,"column":84}}],"line":11}},"s":{"0":4,"1":4},"f":{"0":4},"b":{"0":[2,2],"1":[0,2],"2":[1,1],"3":[1,1]},"_coverageSchema":"1a1c01bbd47fc00a2c39e90264f33305004495a9","hash":"b6f119c42d3b6568fcbfb10383bf2ce37e89817f"}
,"/Users/buwaneka/Personal_Projects/wire-apps-ecom/src/components/atoms/ListEmptyComponent.js": {"path":"/Users/buwaneka/Personal_Projects/wire-apps-ecom/src/components/atoms/ListEmptyComponent.js","statementMap":{"0":{"start":{"line":5,"column":27},"end":{"line":10,"column":1}},"1":{"start":{"line":6,"column":16},"end":{"line":6,"column":26}},"2":{"start":{"line":7,"column":4},"end":{"line":9,"column":11}}},"fnMap":{"0":{"name":"(anonymous_0)","decl":{"start":{"line":5,"column":27},"end":{"line":5,"column":28}},"loc":{"start":{"line":5,"column":49},"end":{"line":10,"column":1}},"line":5}},"branchMap":{"0":{"loc":{"start":{"line":8,"column":13},"end":{"line":8,"column":140}},"type":"cond-expr","locations":[{"start":{"line":8,"column":25},"end":{"line":8,"column":90}},{"start":{},"end":{}}],"line":8}},"s":{"0":1,"1":0,"2":0},"f":{"0":0},"b":{"0":[0,0]},"_coverageSchema":"1a1c01bbd47fc00a2c39e90264f33305004495a9","hash":"c3610f16ed090540d5678c914f316a00405b1946"}
,"/Users/buwaneka/Personal_Projects/wire-apps-ecom/src/components/atoms/MenuIcon.js": {"path":"/Users/buwaneka/Personal_Projects/wire-apps-ecom/src/components/atoms/MenuIcon.js","statementMap":{"0":{"start":{"line":4,"column":17},"end":{"line":21,"column":1}},"1":{"start":{"line":5,"column":49},"end":{"line":5,"column":54}},"2":{"start":{"line":7,"column":4},"end":{"line":18,"column":5}},"3":{"start":{"line":8,"column":8},"end":{"line":17,"column":10}},"4":{"start":{"line":20,"column":4},"end":{"line":20,"column":78}}},"fnMap":{"0":{"name":"(anonymous_0)","decl":{"start":{"line":4,"column":17},"end":{"line":4,"column":18}},"loc":{"start":{"line":4,"column":28},"end":{"line":21,"column":1}},"line":4}},"branchMap":{"0":{"loc":{"start":{"line":7,"column":4},"end":{"line":18,"column":5}},"type":"if","locations":[{"start":{"line":7,"column":4},"end":{"line":18,"column":5}},{"start":{},"end":{}}],"line":7}},"s":{"0":1,"1":2,"2":2,"3":1,"4":1},"f":{"0":2},"b":{"0":[1,1]},"_coverageSchema":"1a1c01bbd47fc00a2c39e90264f33305004495a9","hash":"acc0076d22cb06a0a56ec54f258cabfdbdae4b11"}
,"/Users/buwaneka/Personal_Projects/wire-apps-ecom/src/components/atoms/ProductBasicInfo.js": {"path":"/Users/buwaneka/Personal_Projects/wire-apps-ecom/src/components/atoms/ProductBasicInfo.js","statementMap":{"0":{"start":{"line":5,"column":39},"end":{"line":5,"column":43}},"1":{"start":{"line":6,"column":4},"end":{"line":14,"column":11}}},"fnMap":{"0":{"name":"(anonymous_0)","decl":{"start":{"line":4,"column":34},"end":{"line":4,"column":35}},"loc":{"start":{"line":4,"column":48},"end":{"line":15,"column":1}},"line":4}},"branchMap":{},"s":{"0":2,"1":2},"f":{"0":2},"b":{},"_coverageSchema":"1a1c01bbd47fc00a2c39e90264f33305004495a9","hash":"fb5b91da576d99cba8c90769cd74af996019f949"}
,"/Users/buwaneka/Personal_Projects/wire-apps-ecom/src/components/atoms/ProductSizes.js": {"path":"/Users/buwaneka/Personal_Projects/wire-apps-ecom/src/components/atoms/ProductSizes.js","statementMap":{"0":{"start":{"line":4,"column":21},"end":{"line":24,"column":1}},"1":{"start":{"line":5,"column":4},"end":{"line":22,"column":5}},"2":{"start":{"line":10,"column":40},"end":{"line":10,"column":61}},"3":{"start":{"line":11,"column":20},"end":{"line":18,"column":21}},"4":{"start":{"line":14,"column":43},"end":{"line":14,"column":57}}},"fnMap":{"0":{"name":"(anonymous_0)","decl":{"start":{"line":4,"column":21},"end":{"line":4,"column":22}},"loc":{"start":{"line":4,"column":60},"end":{"line":24,"column":1}},"line":4},"1":{"name":"(anonymous_1)","decl":{"start":{"line":9,"column":35},"end":{"line":9,"column":36}},"loc":{"start":{"line":9,"column":45},"end":{"line":19,"column":17}},"line":9},"2":{"name":"(anonymous_2)","decl":{"start":{"line":14,"column":37},"end":{"line":14,"column":38}},"loc":{"start":{"line":14,"column":43},"end":{"line":14,"column":57}},"line":14}},"branchMap":{"0":{"loc":{"start":{"line":9,"column":18},"end":{"line":9,"column":29}},"type":"binary-expr","locations":[{"start":{"line":9,"column":18},"end":{"line":9,"column":23}},{"start":{"line":9,"column":27},"end":{"line":9,"column":29}}],"line":9},"1":{"loc":{"start":{"line":15,"column":43},"end":{"line":15,"column":83}},"type":"cond-expr","locations":[{"start":{"line":15,"column":56},"end":{"line":15,"column":66}},{"start":{"line":15,"column":69},"end":{"line":15,"column":83}}],"line":15},"2":{"loc":{"start":{"line":16,"column":46},"end":{"line":16,"column":86}},"type":"cond-expr","locations":[{"start":{"line":16,"column":59},"end":{"line":16,"column":71}},{"start":{"line":16,"column":74},"end":{"line":16,"column":86}}],"line":16}},"s":{"0":2,"1":2,"2":4,"3":4,"4":0},"f":{"0":2,"1":4,"2":0},"b":{"0":[2,1],"1":[0,4],"2":[0,4]},"_coverageSchema":"1a1c01bbd47fc00a2c39e90264f33305004495a9","hash":"38c2e3dee9b1f0b9f34b8a653dcefeffef377277"}
,"/Users/buwaneka/Personal_Projects/wire-apps-ecom/src/components/atoms/QtyInput.js": {"path":"/Users/buwaneka/Personal_Projects/wire-apps-ecom/src/components/atoms/QtyInput.js","statementMap":{"0":{"start":{"line":7,"column":21},"end":{"line":9,"column":13}},"1":{"start":{"line":8,"column":8},"end":{"line":8,"column":41}},"2":{"start":{"line":11,"column":24},"end":{"line":15,"column":13}},"3":{"start":{"line":12,"column":8},"end":{"line":14,"column":9}},"4":{"start":{"line":13,"column":12},"end":{"line":13,"column":45}},"5":{"start":{"line":17,"column":4},"end":{"line":27,"column":5}},"6":{"start":{"line":19,"column":100},"end":{"line":19,"column":113}},"7":{"start":{"line":23,"column":102},"end":{"line":23,"column":112}}},"fnMap":{"0":{"name":"(anonymous_0)","decl":{"start":{"line":5,"column":26},"end":{"line":5,"column":27}},"loc":{"start":{"line":5,"column":52},"end":{"line":28,"column":1}},"line":5},"1":{"name":"(anonymous_1)","decl":{"start":{"line":7,"column":33},"end":{"line":7,"column":34}},"loc":{"start":{"line":7,"column":39},"end":{"line":9,"column":5}},"line":7},"2":{"name":"(anonymous_2)","decl":{"start":{"line":11,"column":36},"end":{"line":11,"column":37}},"loc":{"start":{"line":11,"column":42},"end":{"line":15,"column":5}},"line":11},"3":{"name":"(anonymous_3)","decl":{"start":{"line":19,"column":94},"end":{"line":19,"column":95}},"loc":{"start":{"line":19,"column":100},"end":{"line":19,"column":113}},"line":19},"4":{"name":"(anonymous_4)","decl":{"start":{"line":23,"column":96},"end":{"line":23,"column":97}},"loc":{"start":{"line":23,"column":102},"end":{"line":23,"column":112}},"line":23}},"branchMap":{"0":{"loc":{"start":{"line":12,"column":8},"end":{"line":14,"column":9}},"type":"if","locations":[{"start":{"line":12,"column":8},"end":{"line":14,"column":9}},{"start":{},"end":{}}],"line":12}},"s":{"0":3,"1":0,"2":3,"3":0,"4":0,"5":3,"6":0,"7":0},"f":{"0":3,"1":0,"2":0,"3":0,"4":0},"b":{"0":[0,0]},"_coverageSchema":"1a1c01bbd47fc00a2c39e90264f33305004495a9","hash":"f79f2d404a99238e69b7fe80e35424d3d8543330"}
,"/Users/buwaneka/Personal_Projects/wire-apps-ecom/src/components/atoms/Spacer.js": {"path":"/Users/buwaneka/Personal_Projects/wire-apps-ecom/src/components/atoms/Spacer.js","statementMap":{"0":{"start":{"line":3,"column":15},"end":{"line":6,"column":1}},"1":{"start":{"line":4,"column":31},"end":{"line":4,"column":36}},"2":{"start":{"line":5,"column":4},"end":{"line":5,"column":70}}},"fnMap":{"0":{"name":"(anonymous_0)","decl":{"start":{"line":3,"column":15},"end":{"line":3,"column":16}},"loc":{"start":{"line":3,"column":26},"end":{"line":6,"column":1}},"line":3}},"branchMap":{"0":{"loc":{"start":{"line":5,"column":29},"end":{"line":5,"column":65}},"type":"cond-expr","locations":[{"start":{"line":5,"column":40},"end":{"line":5,"column":51}},{"start":{"line":5,"column":54},"end":{"line":5,"column":65}}],"line":5}},"s":{"0":2,"1":3,"2":3},"f":{"0":3},"b":{"0":[0,3]},"_coverageSchema":"1a1c01bbd47fc00a2c39e90264f33305004495a9","hash":"25a83eeda3e5a8214c7271a16ca76de8799fc459"}
,"/Users/buwaneka/Personal_Projects/wire-apps-ecom/src/components/molecules/CartItem.js": {"path":"/Users/buwaneka/Personal_Projects/wire-apps-ecom/src/components/molecules/CartItem.js","statementMap":{"0":{"start":{"line":8,"column":17},"end":{"line":35,"column":1}},"1":{"start":{"line":9,"column":18},"end":{"line":9,"column":28}},"2":{"start":{"line":10,"column":4},"end":{"line":34,"column":12}},"3":{"start":{"line":11,"column":82},"end":{"line":11,"column":112}},"4":{"start":{"line":22,"column":49},"end":{"line":22,"column":77}},"5":{"start":{"line":31,"column":16},"end":{"line":31,"column":62}}},"fnMap":{"0":{"name":"(anonymous_0)","decl":{"start":{"line":8,"column":17},"end":{"line":8,"column":18}},"loc":{"start":{"line":8,"column":70},"end":{"line":35,"column":1}},"line":8},"1":{"name":"(anonymous_1)","decl":{"start":{"line":11,"column":76},"end":{"line":11,"column":77}},"loc":{"start":{"line":11,"column":82},"end":{"line":11,"column":112}},"line":11},"2":{"name":"(anonymous_2)","decl":{"start":{"line":22,"column":43},"end":{"line":22,"column":44}},"loc":{"start":{"line":22,"column":49},"end":{"line":22,"column":77}},"line":22},"3":{"name":"(anonymous_3)","decl":{"start":{"line":30,"column":50},"end":{"line":30,"column":51}},"loc":{"start":{"line":30,"column":59},"end":{"line":32,"column":13}},"line":30}},"branchMap":{},"s":{"0":1,"1":1,"2":1,"3":0,"4":0,"5":0},"f":{"0":1,"1":0,"2":0,"3":0},"b":{},"_coverageSchema":"1a1c01bbd47fc00a2c39e90264f33305004495a9","hash":"413804587449c414dc39791ef0a6fbe2f30784a5"}
,"/Users/buwaneka/Personal_Projects/wire-apps-ecom/src/components/molecules/ProductCard.js": {"path":"/Users/buwaneka/Personal_Projects/wire-apps-ecom/src/components/molecules/ProductCard.js","statementMap":{"0":{"start":{"line":9,"column":20},"end":{"line":22,"column":1}},"1":{"start":{"line":11,"column":4},"end":{"line":20,"column":24}}},"fnMap":{"0":{"name":"(anonymous_0)","decl":{"start":{"line":9,"column":20},"end":{"line":9,"column":21}},"loc":{"start":{"line":9,"column":59},"end":{"line":22,"column":1}},"line":9}},"branchMap":{},"s":{"0":2,"1":2},"f":{"0":2},"b":{},"_coverageSchema":"1a1c01bbd47fc00a2c39e90264f33305004495a9","hash":"2d4aae18fc0e9d9c874bcd1fee65564a238b803d"}
,"/Users/buwaneka/Personal_Projects/wire-apps-ecom/src/components/molecules/ProductDetailsBody.js": {"path":"/Users/buwaneka/Personal_Projects/wire-apps-ecom/src/components/molecules/ProductDetailsBody.js","statementMap":{"0":{"start":{"line":9,"column":27},"end":{"line":27,"column":1}},"1":{"start":{"line":10,"column":62},"end":{"line":10,"column":67}},"2":{"start":{"line":11,"column":26},"end":{"line":11,"column":37}},"3":{"start":{"line":12,"column":4},"end":{"line":26,"column":5}},"4":{"start":{"line":19,"column":20},"end":{"line":19,"column":56}}},"fnMap":{"0":{"name":"(anonymous_0)","decl":{"start":{"line":9,"column":27},"end":{"line":9,"column":28}},"loc":{"start":{"line":9,"column":38},"end":{"line":27,"column":1}},"line":9},"1":{"name":"(anonymous_1)","decl":{"start":{"line":18,"column":69},"end":{"line":18,"column":70}},"loc":{"start":{"line":18,"column":75},"end":{"line":20,"column":17}},"line":18}},"branchMap":{"0":{"loc":{"start":{"line":15,"column":34},"end":{"line":15,"column":51}},"type":"binary-expr","locations":[{"start":{"line":15,"column":34},"end":{"line":15,"column":45}},{"start":{"line":15,"column":49},"end":{"line":15,"column":51}}],"line":15}},"s":{"0":1,"1":1,"2":1,"3":1,"4":0},"f":{"0":1,"1":0},"b":{"0":[1,0]},"_coverageSchema":"1a1c01bbd47fc00a2c39e90264f33305004495a9","hash":"de28e6acb001b3dc8258ab3664361fea465507bf"}
,"/Users/buwaneka/Personal_Projects/wire-apps-ecom/src/components/organisms/ProductList.js": {"path":"/Users/buwaneka/Personal_Projects/wire-apps-ecom/src/components/organisms/ProductList.js","statementMap":{"0":{"start":{"line":8,"column":20},"end":{"line":25,"column":1}},"1":{"start":{"line":9,"column":59},"end":{"line":9,"column":64}},"2":{"start":{"line":10,"column":4},"end":{"line":23,"column":8}},"3":{"start":{"line":12,"column":34},"end":{"line":16,"column":10}},"4":{"start":{"line":14,"column":31},"end":{"line":14,"column":48}},"5":{"start":{"line":15,"column":31},"end":{"line":15,"column":66}},"6":{"start":{"line":21,"column":32},"end":{"line":21,"column":39}}},"fnMap":{"0":{"name":"(anonymous_0)","decl":{"start":{"line":8,"column":20},"end":{"line":8,"column":21}},"loc":{"start":{"line":8,"column":31},"end":{"line":25,"column":1}},"line":8},"1":{"name":"(anonymous_1)","decl":{"start":{"line":12,"column":20},"end":{"line":12,"column":21}},"loc":{"start":{"line":12,"column":34},"end":{"line":16,"column":10}},"line":12},"2":{"name":"(anonymous_2)","decl":{"start":{"line":14,"column":25},"end":{"line":14,"column":26}},"loc":{"start":{"line":14,"column":31},"end":{"line":14,"column":48}},"line":14},"3":{"name":"(anonymous_3)","decl":{"start":{"line":15,"column":25},"end":{"line":15,"column":26}},"loc":{"start":{"line":15,"column":31},"end":{"line":15,"column":66}},"line":15},"4":{"name":"(anonymous_4)","decl":{"start":{"line":21,"column":22},"end":{"line":21,"column":23}},"loc":{"start":{"line":21,"column":32},"end":{"line":21,"column":39}},"line":21}},"branchMap":{},"s":{"0":1,"1":1,"2":1,"3":1,"4":0,"5":0,"6":2},"f":{"0":1,"1":1,"2":0,"3":0,"4":2},"b":{},"_coverageSchema":"1a1c01bbd47fc00a2c39e90264f33305004495a9","hash":"0c5e8bf7b3137118122cd6473f27ac25828ed61a"}
,"/Users/buwaneka/Personal_Projects/wire-apps-ecom/src/context/ProductContext.js": {"path":"/Users/buwaneka/Personal_Projects/wire-apps-ecom/src/context/ProductContext.js","statementMap":{"0":{"start":{"line":3,"column":23},"end":{"line":6,"column":2}},"1":{"start":{"line":9,"column":31},"end":{"line":22,"column":1}},"2":{"start":{"line":11,"column":44},"end":{"line":11,"column":58}},"3":{"start":{"line":13,"column":25},"end":{"line":15,"column":5}},"4":{"start":{"line":14,"column":8},"end":{"line":14,"column":30}},"5":{"start":{"line":17,"column":4},"end":{"line":21,"column":5}},"6":{"start":{"line":24,"column":29},"end":{"line":31,"column":1}},"7":{"start":{"line":25,"column":18},"end":{"line":25,"column":44}},"8":{"start":{"line":27,"column":4},"end":{"line":30,"column":5}},"9":{"start":{"line":28,"column":31},"end":{"line":28,"column":57}},"10":{"start":{"line":33,"column":34},"end":{"line":38,"column":1}},"11":{"start":{"line":34,"column":18},"end":{"line":34,"column":44}},"12":{"start":{"line":36,"column":4},"end":{"line":36,"column":33}}},"fnMap":{"0":{"name":"(anonymous_0)","decl":{"start":{"line":5,"column":18},"end":{"line":5,"column":19}},"loc":{"start":{"line":5,"column":24},"end":{"line":5,"column":26}},"line":5},"1":{"name":"(anonymous_1)","decl":{"start":{"line":9,"column":31},"end":{"line":9,"column":32}},"loc":{"start":{"line":9,"column":47},"end":{"line":22,"column":1}},"line":9},"2":{"name":"(anonymous_2)","decl":{"start":{"line":13,"column":25},"end":{"line":13,"column":26}},"loc":{"start":{"line":13,"column":35},"end":{"line":15,"column":5}},"line":13},"3":{"name":"(anonymous_3)","decl":{"start":{"line":24,"column":29},"end":{"line":24,"column":30}},"loc":{"start":{"line":24,"column":35},"end":{"line":31,"column":1}},"line":24},"4":{"name":"(anonymous_4)","decl":{"start":{"line":28,"column":21},"end":{"line":28,"column":22}},"loc":{"start":{"line":28,"column":31},"end":{"line":28,"column":57}},"line":28},"5":{"name":"(anonymous_5)","decl":{"start":{"line":33,"column":34},"end":{"line":33,"column":35}},"loc":{"start":{"line":33,"column":40},"end":{"line":38,"column":1}},"line":33}},"branchMap":{},"s":{"0":2,"1":2,"2":2,"3":2,"4":0,"5":2,"6":2,"7":0,"8":0,"9":0,"10":2,"11":0,"12":0},"f":{"0":0,"1":2,"2":0,"3":0,"4":0,"5":0},"b":{},"_coverageSchema":"1a1c01bbd47fc00a2c39e90264f33305004495a9","hash":"3e891abfb0dceed174c1097fc160c56cfbefedfd"}
,"/Users/buwaneka/Personal_Projects/wire-apps-ecom/src/hooks/useCart.js": {"path":"/Users/buwaneka/Personal_Projects/wire-apps-ecom/src/hooks/useCart.js","statementMap":{"0":{"start":{"line":7,"column":32},"end":{"line":14,"column":1}},"1":{"start":{"line":8,"column":21},"end":{"line":8,"column":37}},"2":{"start":{"line":9,"column":22},"end":{"line":12,"column":5}},"3":{"start":{"line":10,"column":8},"end":{"line":10,"column":67}},"4":{"start":{"line":11,"column":8},"end":{"line":11,"column":20}},"5":{"start":{"line":13,"column":4},"end":{"line":13,"column":25}},"6":{"start":{"line":18,"column":37},"end":{"line":24,"column":1}},"7":{"start":{"line":19,"column":21},"end":{"line":19,"column":37}},"8":{"start":{"line":20,"column":27},"end":{"line":22,"column":5}},"9":{"start":{"line":21,"column":8},"end":{"line":21,"column":49}},"10":{"start":{"line":23,"column":4},"end":{"line":23,"column":30}},"11":{"start":{"line":29,"column":30},"end":{"line":37,"column":1}},"12":{"start":{"line":30,"column":22},"end":{"line":30,"column":63}},"13":{"start":{"line":30,"column":46},"end":{"line":30,"column":62}},"14":{"start":{"line":31,"column":24},"end":{"line":31,"column":71}},"15":{"start":{"line":31,"column":48},"end":{"line":31,"column":70}},"16":{"start":{"line":33,"column":4},"end":{"line":36,"column":6}},"17":{"start":{"line":41,"column":28},"end":{"line":49,"column":1}},"18":{"start":{"line":42,"column":22},"end":{"line":42,"column":63}},"19":{"start":{"line":42,"column":46},"end":{"line":42,"column":62}},"20":{"start":{"line":43,"column":24},"end":{"line":43,"column":71}},"21":{"start":{"line":43,"column":48},"end":{"line":43,"column":70}},"22":{"start":{"line":45,"column":4},"end":{"line":48,"column":6}}},"fnMap":{"0":{"name":"(anonymous_0)","decl":{"start":{"line":7,"column":32},"end":{"line":7,"column":33}},"loc":{"start":{"line":7,"column":54},"end":{"line":14,"column":1}},"line":7},"1":{"name":"(anonymous_1)","decl":{"start":{"line":7,"column":43},"end":{"line":7,"column":44}},"loc":{"start":{"line":7,"column":47},"end":{"line":7,"column":49}},"line":7},"2":{"name":"(anonymous_2)","decl":{"start":{"line":9,"column":22},"end":{"line":9,"column":23}},"loc":{"start":{"line":9,"column":44},"end":{"line":12,"column":5}},"line":9},"3":{"name":"(anonymous_3)","decl":{"start":{"line":18,"column":37},"end":{"line":18,"column":38}},"loc":{"start":{"line":18,"column":43},"end":{"line":24,"column":1}},"line":18},"4":{"name":"(anonymous_4)","decl":{"start":{"line":20,"column":27},"end":{"line":20,"column":28}},"loc":{"start":{"line":20,"column":41},"end":{"line":22,"column":5}},"line":20},"5":{"name":"(anonymous_5)","decl":{"start":{"line":29,"column":30},"end":{"line":29,"column":31}},"loc":{"start":{"line":29,"column":36},"end":{"line":37,"column":1}},"line":29},"6":{"name":"(anonymous_6)","decl":{"start":{"line":30,"column":37},"end":{"line":30,"column":38}},"loc":{"start":{"line":30,"column":46},"end":{"line":30,"column":62}},"line":30},"7":{"name":"(anonymous_7)","decl":{"start":{"line":31,"column":39},"end":{"line":31,"column":40}},"loc":{"start":{"line":31,"column":48},"end":{"line":31,"column":70}},"line":31},"8":{"name":"(anonymous_8)","decl":{"start":{"line":41,"column":28},"end":{"line":41,"column":29}},"loc":{"start":{"line":41,"column":34},"end":{"line":49,"column":1}},"line":41},"9":{"name":"(anonymous_9)","decl":{"start":{"line":42,"column":37},"end":{"line":42,"column":38}},"loc":{"start":{"line":42,"column":46},"end":{"line":42,"column":62}},"line":42},"10":{"name":"(anonymous_10)","decl":{"start":{"line":43,"column":39},"end":{"line":43,"column":40}},"loc":{"start":{"line":43,"column":48},"end":{"line":43,"column":70}},"line":43}},"branchMap":{"0":{"loc":{"start":{"line":7,"column":33},"end":{"line":7,"column":49}},"type":"default-arg","locations":[{"start":{"line":7,"column":43},"end":{"line":7,"column":49}}],"line":7},"1":{"loc":{"start":{"line":34,"column":20},"end":{"line":34,"column":35}},"type":"binary-expr","locations":[{"start":{"line":34,"column":20},"end":{"line":34,"column":29}},{"start":{"line":34,"column":33},"end":{"line":34,"column":35}}],"line":34},"2":{"loc":{"start":{"line":46,"column":15},"end":{"line":46,"column":30}},"type":"binary-expr","locations":[{"start":{"line":46,"column":15},"end":{"line":46,"column":24}},{"start":{"line":46,"column":28},"end":{"line":46,"column":30}}],"line":46}},"s":{"0":2,"1":0,"2":0,"3":0,"4":0,"5":0,"6":2,"7":0,"8":0,"9":0,"10":0,"11":2,"12":0,"13":0,"14":0,"15":0,"16":0,"17":2,"18":0,"19":0,"20":0,"21":0,"22":0},"f":{"0":0,"1":0,"2":0,"3":0,"4":0,"5":0,"6":0,"7":0,"8":0,"9":0,"10":0},"b":{"0":[0],"1":[0,0],"2":[0,0]},"_coverageSchema":"1a1c01bbd47fc00a2c39e90264f33305004495a9","hash":"bb51e16611668b87054467393e037f00b294d8b3"}
,"/Users/buwaneka/Personal_Projects/wire-apps-ecom/src/hooks/useReduxHooks.js": {"path":"/Users/buwaneka/Personal_Projects/wire-apps-ecom/src/hooks/useReduxHooks.js","statementMap":{"0":{"start":{"line":4,"column":30},"end":{"line":4,"column":53}},"1":{"start":{"line":5,"column":30},"end":{"line":5,"column":53}}},"fnMap":{},"branchMap":{},"s":{"0":2,"1":2},"f":{},"b":{},"_coverageSchema":"1a1c01bbd47fc00a2c39e90264f33305004495a9","hash":"969ec35d33d042bacd769eb9249c97458f1584c4"}
,"/Users/buwaneka/Personal_Projects/wire-apps-ecom/src/store/modules/cartSlice.js": {"path":"/Users/buwaneka/Personal_Projects/wire-apps-ecom/src/store/modules/cartSlice.js","statementMap":{"0":{"start":{"line":3,"column":25},"end":{"line":54,"column":2}},"1":{"start":{"line":11,"column":28},"end":{"line":11,"column":42}},"2":{"start":{"line":12,"column":41},"end":{"line":12,"column":54}},"3":{"start":{"line":13,"column":29},"end":{"line":13,"column":67}},"4":{"start":{"line":14,"column":33},"end":{"line":14,"column":87}},"5":{"start":{"line":14,"column":59},"end":{"line":14,"column":85}},"6":{"start":{"line":16,"column":22},"end":{"line":16,"column":48}},"7":{"start":{"line":17,"column":26},"end":{"line":17,"column":44}},"8":{"start":{"line":18,"column":31},"end":{"line":18,"column":54}},"9":{"start":{"line":20,"column":12},"end":{"line":37,"column":13}},"10":{"start":{"line":22,"column":16},"end":{"line":32,"column":18}},"11":{"start":{"line":34,"column":16},"end":{"line":34,"column":38}},"12":{"start":{"line":35,"column":16},"end":{"line":35,"column":51}},"13":{"start":{"line":36,"column":16},"end":{"line":36,"column":132}},"14":{"start":{"line":36,"column":54},"end":{"line":36,"column":131}},"15":{"start":{"line":39,"column":12},"end":{"line":39,"column":91}},"16":{"start":{"line":39,"column":66},"end":{"line":39,"column":87}},"17":{"start":{"line":42,"column":31},"end":{"line":42,"column":45}},"18":{"start":{"line":43,"column":12},"end":{"line":43,"column":80}},"19":{"start":{"line":43,"column":53},"end":{"line":43,"column":79}},"20":{"start":{"line":44,"column":12},"end":{"line":44,"column":91}},"21":{"start":{"line":44,"column":66},"end":{"line":44,"column":87}},"22":{"start":{"line":47,"column":12},"end":{"line":47,"column":28}},"23":{"start":{"line":48,"column":12},"end":{"line":48,"column":33}},"24":{"start":{"line":51,"column":12},"end":{"line":51,"column":97}},"25":{"start":{"line":51,"column":66},"end":{"line":51,"column":93}},"26":{"start":{"line":57,"column":53},"end":{"line":57,"column":70}}},"fnMap":{"0":{"name":"(anonymous_0)","decl":{"start":{"line":10,"column":23},"end":{"line":10,"column":24}},"loc":{"start":{"line":10,"column":42},"end":{"line":40,"column":9}},"line":10},"1":{"name":"(anonymous_1)","decl":{"start":{"line":14,"column":50},"end":{"line":14,"column":51}},"loc":{"start":{"line":14,"column":59},"end":{"line":14,"column":85}},"line":14},"2":{"name":"(anonymous_2)","decl":{"start":{"line":36,"column":46},"end":{"line":36,"column":47}},"loc":{"start":{"line":36,"column":54},"end":{"line":36,"column":131}},"line":36},"3":{"name":"(anonymous_3)","decl":{"start":{"line":39,"column":51},"end":{"line":39,"column":52}},"loc":{"start":{"line":39,"column":66},"end":{"line":39,"column":87}},"line":39},"4":{"name":"(anonymous_4)","decl":{"start":{"line":41,"column":28},"end":{"line":41,"column":29}},"loc":{"start":{"line":41,"column":47},"end":{"line":45,"column":9}},"line":41},"5":{"name":"(anonymous_5)","decl":{"start":{"line":43,"column":45},"end":{"line":43,"column":46}},"loc":{"start":{"line":43,"column":53},"end":{"line":43,"column":79}},"line":43},"6":{"name":"(anonymous_6)","decl":{"start":{"line":44,"column":51},"end":{"line":44,"column":52}},"loc":{"start":{"line":44,"column":66},"end":{"line":44,"column":87}},"line":44},"7":{"name":"(anonymous_7)","decl":{"start":{"line":46,"column":19},"end":{"line":46,"column":20}},"loc":{"start":{"line":46,"column":30},"end":{"line":49,"column":9}},"line":46},"8":{"name":"(anonymous_8)","decl":{"start":{"line":50,"column":32},"end":{"line":50,"column":33}},"loc":{"start":{"line":50,"column":43},"end":{"line":52,"column":9}},"line":50},"9":{"name":"(anonymous_9)","decl":{"start":{"line":51,"column":51},"end":{"line":51,"column":52}},"loc":{"start":{"line":51,"column":66},"end":{"line":51,"column":93}},"line":51}},"branchMap":{"0":{"loc":{"start":{"line":16,"column":31},"end":{"line":16,"column":47}},"type":"binary-expr","locations":[{"start":{"line":16,"column":31},"end":{"line":16,"column":42}},{"start":{"line":16,"column":46},"end":{"line":16,"column":47}}],"line":16},"1":{"loc":{"start":{"line":20,"column":12},"end":{"line":37,"column":13}},"type":"if","locations":[{"start":{"line":20,"column":12},"end":{"line":37,"column":13}},{"start":{"line":33,"column":19},"end":{"line":37,"column":13}}],"line":20},"2":{"loc":{"start":{"line":36,"column":54},"end":{"line":36,"column":131}},"type":"cond-expr","locations":[{"start":{"line":36,"column":96},"end":{"line":36,"column":124}},{"start":{"line":36,"column":127},"end":{"line":36,"column":131}}],"line":36}},"s":{"0":2,"1":0,"2":0,"3":0,"4":0,"5":0,"6":0,"7":0,"8":0,"9":0,"10":0,"11":0,"12":0,"13":0,"14":0,"15":0,"16":0,"17":0,"18":0,"19":0,"20":0,"21":0,"22":0,"23":0,"24":0,"25":0,"26":2},"f":{"0":0,"1":0,"2":0,"3":0,"4":0,"5":0,"6":0,"7":0,"8":0,"9":0},"b":{"0":[0,0],"1":[0,0],"2":[0,0]},"_coverageSchema":"1a1c01bbd47fc00a2c39e90264f33305004495a9","hash":"a86ef59803a239bffbb3d4a8aaab4a9051cd6f3b"}
,"/Users/buwaneka/Personal_Projects/wire-apps-ecom/src/templates/withPaddings.js": {"path":"/Users/buwaneka/Personal_Projects/wire-apps-ecom/src/templates/withPaddings.js","statementMap":{"0":{"start":{"line":4,"column":21},"end":{"line":19,"column":1}},"1":{"start":{"line":6,"column":25},"end":{"line":16,"column":5}},"2":{"start":{"line":9,"column":8},"end":{"line":13,"column":9}},"3":{"start":{"line":18,"column":4},"end":{"line":18,"column":24}}},"fnMap":{"0":{"name":"(anonymous_0)","decl":{"start":{"line":4,"column":21},"end":{"line":4,"column":22}},"loc":{"start":{"line":4,"column":40},"end":{"line":19,"column":1}},"line":4},"1":{"name":"(anonymous_1)","decl":{"start":{"line":6,"column":25},"end":{"line":6,"column":26}},"loc":{"start":{"line":6,"column":34},"end":{"line":16,"column":5}},"line":6}},"branchMap":{},"s":{"0":1,"1":1,"2":1,"3":1},"f":{"0":1,"1":1},"b":{},"_coverageSchema":"1a1c01bbd47fc00a2c39e90264f33305004495a9","hash":"5af3c01d60de44c2accfe7b908e6877739f75444"}
,"/Users/buwaneka/Personal_Projects/wire-apps-ecom/src/templates/withProductContext.js": {"path":"/Users/buwaneka/Personal_Projects/wire-apps-ecom/src/templates/withProductContext.js","statementMap":{"0":{"start":{"line":5,"column":27},"end":{"line":20,"column":1}},"1":{"start":{"line":7,"column":31},"end":{"line":17,"column":5}},"2":{"start":{"line":10,"column":8},"end":{"line":14,"column":9}},"3":{"start":{"line":19,"column":4},"end":{"line":19,"column":30}}},"fnMap":{"0":{"name":"(anonymous_0)","decl":{"start":{"line":5,"column":27},"end":{"line":5,"column":28}},"loc":{"start":{"line":5,"column":46},"end":{"line":20,"column":1}},"line":5},"1":{"name":"(anonymous_1)","decl":{"start":{"line":7,"column":31},"end":{"line":7,"column":32}},"loc":{"start":{"line":7,"column":40},"end":{"line":17,"column":5}},"line":7}},"branchMap":{},"s":{"0":2,"1":2,"2":2,"3":2},"f":{"0":2,"1":2},"b":{},"_coverageSchema":"1a1c01bbd47fc00a2c39e90264f33305004495a9","hash":"e255d5635ad518e0ed7fb093b6fa30620f05c804"}
,"/Users/buwaneka/Personal_Projects/wire-apps-ecom/src/utils/CommonUtils.js": {"path":"/Users/buwaneka/Personal_Projects/wire-apps-ecom/src/utils/CommonUtils.js","statementMap":{"0":{"start":{"line":4,"column":3},"end":{"line":4,"column":44}}},"fnMap":{"0":{"name":"formatPrice","decl":{"start":{"line":3,"column":16},"end":{"line":3,"column":27}},"loc":{"start":{"line":3,"column":47},"end":{"line":5,"column":1}},"line":3}},"branchMap":{"0":{"loc":{"start":{"line":3,"column":34},"end":{"line":3,"column":45}},"type":"default-arg","locations":[{"start":{"line":3,"column":43},"end":{"line":3,"column":45}}],"line":3}},"s":{"0":2},"f":{"0":2},"b":{"0":[0]},"_coverageSchema":"1a1c01bbd47fc00a2c39e90264f33305004495a9","hash":"d30f6e6f9cb30c21caef4e4e618587eed9ade73e"}
}
